<?xml version="1.0" encoding="UTF-8"?>
<Site BuildName="Linux-c++"
	BuildStamp="20250201-0956-Experimental"
	Name="DESKTOP-7PO477K"
	Generator="ctest-3.16.3"
	CompilerName="/usr/bin/c++"
	CompilerVersion="9.4.0"
	OSName="Linux"
	Hostname="DESKTOP-7PO477K"
	OSRelease="5.15.167.4-microsoft-standard-WSL2"
	OSVersion="#1 SMP Tue Nov 5 00:21:55 UTC 2024"
	OSPlatform="x86_64"
	Is64Bits="1"
	VendorString="GenuineIntel"
	VendorID="Intel Corporation"
	FamilyID="6"
	ModelID="60"
	ProcessorCacheSize="3072"
	NumberOfLogicalCPU="4"
	NumberOfPhysicalCPU="2"
	TotalVirtualMemory="1024"
	TotalPhysicalMemory="2937"
	LogicalProcessorsPerPhysical="2"
	ProcessorClockFrequency="2693.76"
	>
	<Testing>
		<StartDateTime>Feb 01 15:26 IST</StartDateTime>
		<StartTestTime>1738403807</StartTestTime>
		<TestList/>
		<EndDateTime>Feb 01 15:26 IST</EndDateTime>
		<EndTestTime>1738403807</EndTestTime>
		<ElapsedMinutes>0</ElapsedMinutes>
	</Testing>
</Site>
